#
# There is insufficient memory for the Java Runtime Environment to continue.
# Native memory allocation (malloc) failed to allocate 209456 bytes for Chunk::new
# Possible reasons:
#   The system is out of physical RAM or swap space
#   In 32 bit mode, the process size limit was hit
# Possible solutions:
#   Reduce memory load on the system
#   Increase physical memory or swap space
#   Check if swap backing store is full
#   Use 64 bit Java on a 64 bit OS
#   Decrease Java heap size (-Xmx/-Xms)
#   Decrease number of Java threads
#   Decrease Java thread stack sizes (-Xss)
#   Set larger code cache with -XX:ReservedCodeCacheSize=
# This output file may be truncated or incomplete.
#
#  Out of Memory Error (allocation.cpp:390), pid=9624, tid=10224
#
# JRE version: Java(TM) SE Runtime Environment (8.0_31-b13) (build 1.8.0_31-b13)
# Java VM: Java HotSpot(TM) 64-Bit Server VM (25.31-b07 mixed mode windows-amd64 compressed oops)
# Failed to write core dump. Minidumps are not enabled by default on client versions of Windows
#

---------------  T H R E A D  ---------------

Current thread (0x00000000234eb000):  JavaThread "C2 CompilerThread2" daemon [_thread_in_native, id=10224, stack(0x0000000024ca0000,0x0000000024da0000)]

Stack: [0x0000000024ca0000,0x0000000024da0000]
Native frames: (J=compiled Java code, j=interpreted, Vv=VM code, C=native code)
V  [jvm.dll+0x3169ba]
V  [jvm.dll+0x2674c3]
V  [jvm.dll+0x268103]
V  [jvm.dll+0x25f8f5]
V  [jvm.dll+0xbf025]
V  [jvm.dll+0xbf4cc]
V  [jvm.dll+0x4798bc]
V  [jvm.dll+0x4469b3]
V  [jvm.dll+0x451bce]
V  [jvm.dll+0x4541b8]
V  [jvm.dll+0x437c62]
V  [jvm.dll+0x988e2]
V  [jvm.dll+0x990d3]
V  [jvm.dll+0x22c194]
V  [jvm.dll+0x28576a]
C  [msvcr100.dll+0x21d9f]
C  [msvcr100.dll+0x21e3b]
C  [KERNEL32.DLL+0x17034]
C  [ntdll.dll+0x52651]


Current CompileTask:
C2:   1159 2086       4       org.eclipse.sisu.inject.LocatedBeans$Itr::hasNext (161 bytes)


---------------  P R O C E S S  ---------------

Java Threads: ( => current thread )
  0x000000002357b000 JavaThread "Service Thread" daemon [_thread_blocked, id=21924, stack(0x0000000024ea0000,0x0000000024fa0000)]
  0x00000000234eb800 JavaThread "C1 CompilerThread3" daemon [_thread_in_native, id=4404, stack(0x0000000024da0000,0x0000000024ea0000)]
=>0x00000000234eb000 JavaThread "C2 CompilerThread2" daemon [_thread_in_native, id=10224, stack(0x0000000024ca0000,0x0000000024da0000)]
  0x00000000234e6000 JavaThread "C2 CompilerThread1" daemon [_thread_in_native, id=13716, stack(0x0000000024ba0000,0x0000000024ca0000)]
  0x00000000234db800 JavaThread "C2 CompilerThread0" daemon [_thread_in_native, id=1496, stack(0x0000000024aa0000,0x0000000024ba0000)]
  0x00000000234c6800 JavaThread "Monitor Ctrl-Break" daemon [_thread_in_native, id=1200, stack(0x00000000249a0000,0x0000000024aa0000)]
  0x000000002345d000 JavaThread "Attach Listener" daemon [_thread_blocked, id=5396, stack(0x00000000248a0000,0x00000000249a0000)]
  0x000000002345c000 JavaThread "Signal Dispatcher" daemon [_thread_blocked, id=5960, stack(0x00000000247a0000,0x00000000248a0000)]
  0x0000000003736800 JavaThread "Finalizer" daemon [_thread_blocked, id=16940, stack(0x00000000246a0000,0x00000000247a0000)]
  0x0000000021d6c000 JavaThread "Reference Handler" daemon [_thread_blocked, id=14636, stack(0x00000000245a0000,0x00000000246a0000)]
  0x000000000174e800 JavaThread "main" [_thread_in_Java, id=10812, stack(0x00000000032d0000,0x00000000033d0000)]

Other Threads:
  0x0000000023422800 VMThread [stack: 0x00000000244a0000,0x00000000245a0000] [id=19880]
  0x000000002358f000 WatcherThread [stack: 0x0000000024fa0000,0x00000000250a0000] [id=4348]

VM state:not at safepoint (normal execution)

VM Mutex/Monitor currently owned by a thread: None

Heap:
 PSYoungGen      total 212480K, used 3771K [0x0000000740f00000, 0x000000074ee00000, 0x00000007c0000000)
  eden space 196608K, 1% used [0x0000000740f00000,0x00000007412aefb8,0x000000074cf00000)
  from space 15872K, 0% used [0x000000074de80000,0x000000074de80000,0x000000074ee00000)
  to   space 15872K, 0% used [0x000000074cf00000,0x000000074cf00000,0x000000074de80000)
 ParOldGen       total 165376K, used 8893K [0x0000000642c00000, 0x000000064cd80000, 0x0000000740f00000)
  object space 165376K, 5% used [0x0000000642c00000,0x00000006434af410,0x000000064cd80000)
 Metaspace       used 15234K, capacity 15550K, committed 15872K, reserved 1062912K
  class space    used 1842K, capacity 1946K, committed 2048K, reserved 1048576K

Card table byte_map: [0x0000000012b00000,0x00000000136f0000] byte_map_base: 0x000000000f8ea000

Marking Bits: (ParMarkBitMap*) 0x000000005654d4f0
 Begin Bits: [0x00000000148f0000, 0x000000001a840000)
 End Bits:   [0x000000001a840000, 0x0000000020790000)

Polling page: 0x00000000016d0000

CodeCache: size=245760Kb used=7018Kb max_used=7018Kb free=238741Kb
 bounds [0x0000000003740000, 0x0000000003e30000, 0x0000000012740000]
 total_blobs=2464 nmethods=2125 adapters=252
 compilation: enabled

Compilation events (10 events):
Event: 1.106 Thread 0x00000000234eb800 nmethod 2131 0x0000000003e1c8d0 code [0x0000000003e1ca60, 0x0000000003e1ce58]
Event: 1.106 Thread 0x00000000234eb800 2144       3       java.util.regex.Pattern::RemoveQEQuoting (346 bytes)
Event: 1.106 Thread 0x00000000234eb800 nmethod 2144 0x0000000003e1cf90 code [0x0000000003e1d1e0, 0x0000000003e1e2d8]
Event: 1.106 Thread 0x00000000234eb800 2132       3       org.apache.maven.artifact.versioning.DefaultArtifactVersion::toString (8 bytes)
Event: 1.106 Thread 0x00000000234eb800 nmethod 2132 0x0000000003e1ec10 code [0x0000000003e1ed60, 0x0000000003e1eed0]
Event: 1.106 Thread 0x00000000234eb800 2133       3       org.apache.maven.artifact.DefaultArtifact::validateIdentity (144 bytes)
Event: 1.107 Thread 0x00000000234eb800 nmethod 2133 0x0000000003e1ef90 code [0x0000000003e1f180, 0x0000000003e1faa8]
Event: 1.107 Thread 0x00000000234eb800 2134       3       org.apache.maven.artifact.DefaultArtifact::empty (21 bytes)
Event: 1.107 Thread 0x00000000234eb800 nmethod 2134 0x0000000003e1fdd0 code [0x0000000003e1ff40, 0x0000000003e202c8]
Event: 1.107 Thread 0x00000000234eb800 2135       3       org.apache.maven.artifact.versioning.VersionRange::createFromVersionSpec (324 bytes)

GC Heap History (2 events):
Event: 0.879 GC heap before
{Heap before GC invocations=1 (full 0):
 PSYoungGen      total 114176K, used 98304K [0x0000000740f00000, 0x0000000748e00000, 0x00000007c0000000)
  eden space 98304K, 100% used [0x0000000740f00000,0x0000000746f00000,0x0000000746f00000)
  from space 15872K, 0% used [0x0000000747e80000,0x0000000747e80000,0x0000000748e00000)
  to   space 15872K, 0% used [0x0000000746f00000,0x0000000746f00000,0x0000000747e80000)
 ParOldGen       total 261120K, used 0K [0x0000000642c00000, 0x0000000652b00000, 0x0000000740f00000)
  object space 261120K, 0% used [0x0000000642c00000,0x0000000642c00000,0x0000000652b00000)
 Metaspace       used 14299K, capacity 14528K, committed 14720K, reserved 1062912K
  class space    used 1779K, capacity 1845K, committed 1920K, reserved 1048576K
Event: 0.889 GC heap after
Heap after GC invocations=1 (full 0):
 PSYoungGen      total 114176K, used 12634K [0x0000000740f00000, 0x000000074ee00000, 0x00000007c0000000)
  eden space 98304K, 0% used [0x0000000740f00000,0x0000000740f00000,0x0000000746f00000)
  from space 15872K, 79% used [0x0000000746f00000,0x0000000747b56aa0,0x0000000747e80000)
  to   space 15872K, 0% used [0x000000074de80000,0x000000074de80000,0x000000074ee00000)
 ParOldGen       total 261120K, used 16K [0x0000000642c00000, 0x0000000652b00000, 0x0000000740f00000)
  object space 261120K, 0% used [0x0000000642c00000,0x0000000642c04000,0x0000000652b00000)
 Metaspace       used 14299K, capacity 14528K, committed 14720K, reserved 1062912K
  class space    used 1779K, capacity 1845K, committed 1920K, reserved 1048576K
}

Deoptimization events (9 events):
Event: 0.377 Thread 0x000000000174e800 Uncommon trap: reason=range_check action=make_not_entrant pc=0x000000000398fbe8 method=sun.reflect.generics.parser.SignatureParser.current()C @ 34
Event: 0.675 Thread 0x000000000174e800 Uncommon trap: reason=bimorphic action=maybe_recompile pc=0x0000000003ab0cd4 method=java.util.HashMap.putVal(ILjava/lang/Object;Ljava/lang/Object;ZZ)Ljava/lang/Object; @ 203
Event: 0.675 Thread 0x000000000174e800 Uncommon trap: reason=bimorphic action=maybe_recompile pc=0x0000000003ab0cd4 method=java.util.HashMap.putVal(ILjava/lang/Object;Ljava/lang/Object;ZZ)Ljava/lang/Object; @ 203
Event: 0.727 Thread 0x000000000174e800 Uncommon trap: reason=bimorphic action=maybe_recompile pc=0x0000000003ab0cd4 method=java.util.HashMap.putVal(ILjava/lang/Object;Ljava/lang/Object;ZZ)Ljava/lang/Object; @ 203
Event: 0.727 Thread 0x000000000174e800 Uncommon trap: reason=bimorphic action=maybe_recompile pc=0x0000000003ab0cd4 method=java.util.HashMap.putVal(ILjava/lang/Object;Ljava/lang/Object;ZZ)Ljava/lang/Object; @ 203
Event: 0.728 Thread 0x000000000174e800 Uncommon trap: reason=bimorphic action=maybe_recompile pc=0x0000000003aae254 method=java.util.HashMap.putVal(ILjava/lang/Object;Ljava/lang/Object;ZZ)Ljava/lang/Object; @ 203
Event: 0.809 Thread 0x000000000174e800 Uncommon trap: reason=null_check action=make_not_entrant pc=0x000000000390ea14 method=java.lang.String.equals(Ljava/lang/Object;)Z @ 8
Event: 0.897 Thread 0x000000000174e800 Uncommon trap: reason=unreached action=reinterpret pc=0x0000000003bfc914 method=java.lang.ref.ReferenceQueue.poll()Ljava/lang/ref/Reference; @ 4
Event: 0.986 Thread 0x000000000174e800 Uncommon trap: reason=null_check action=make_not_entrant pc=0x0000000003d2f5d0 method=org.apache.maven.model.io.xpp3.MavenXpp3ReaderEx.checkFieldWithDuplicate(Lorg/codehaus/plexus/util/xml/pull/XmlPullParser;Ljava/lang/String;Ljava/lang/String;Ljava/util/S

Internal exceptions (10 events):
Event: 0.997 Thread 0x000000002345d000 Exception <a 'java/security/PrivilegedActionException'> (0x0000000741cf8e70) thrown at [C:\workspace\8-2-build-windows-amd64-cygwin\jdk8u31\2394\hotspot\src\share\vm\prims\jvm.cpp, line 1312]
Event: 0.997 Thread 0x000000002345d000 Exception <a 'java/security/PrivilegedActionException'> (0x0000000741cf9730) thrown at [C:\workspace\8-2-build-windows-amd64-cygwin\jdk8u31\2394\hotspot\src\share\vm\prims\jvm.cpp, line 1312]
Event: 1.070 Thread 0x000000000174e800 Exception <a 'java/security/PrivilegedActionException'> (0x0000000742c4a838) thrown at [C:\workspace\8-2-build-windows-amd64-cygwin\jdk8u31\2394\hotspot\src\share\vm\prims\jvm.cpp, line 1312]
Event: 1.070 Thread 0x000000000174e800 Exception <a 'java/security/PrivilegedActionException'> (0x0000000742c4b300) thrown at [C:\workspace\8-2-build-windows-amd64-cygwin\jdk8u31\2394\hotspot\src\share\vm\prims\jvm.cpp, line 1312]
Event: 1.075 Thread 0x000000000174e800 Exception <a 'java/security/PrivilegedActionException'> (0x0000000742ca0000) thrown at [C:\workspace\8-2-build-windows-amd64-cygwin\jdk8u31\2394\hotspot\src\share\vm\prims\jvm.cpp, line 1312]
Event: 1.075 Thread 0x000000000174e800 Exception <a 'java/security/PrivilegedActionException'> (0x0000000742ca0bc8) thrown at [C:\workspace\8-2-build-windows-amd64-cygwin\jdk8u31\2394\hotspot\src\share\vm\prims\jvm.cpp, line 1312]
Event: 1.076 Thread 0x000000000174e800 Exception <a 'java/security/PrivilegedActionException'> (0x0000000742ca65d8) thrown at [C:\workspace\8-2-build-windows-amd64-cygwin\jdk8u31\2394\hotspot\src\share\vm\prims\jvm.cpp, line 1312]
Event: 1.076 Thread 0x000000000174e800 Exception <a 'java/security/PrivilegedActionException'> (0x0000000742ca71a0) thrown at [C:\workspace\8-2-build-windows-amd64-cygwin\jdk8u31\2394\hotspot\src\share\vm\prims\jvm.cpp, line 1312]
Event: 1.097 Thread 0x000000000174e800 Exception <a 'java/security/PrivilegedActionException'> (0x0000000742ee5838) thrown at [C:\workspace\8-2-build-windows-amd64-cygwin\jdk8u31\2394\hotspot\src\share\vm\prims\jvm.cpp, line 1312]
Event: 1.097 Thread 0x000000000174e800 Exception <a 'java/security/PrivilegedActionException'> (0x0000000742ee6358) thrown at [C:\workspace\8-2-build-windows-amd64-cygwin\jdk8u31\2394\hotspot\src\share\vm\prims\jvm.cpp, line 1312]

Events (10 events):
Event: 1.070 loading class org/apache/maven/artifact/versioning/Restriction
Event: 1.070 loading class org/apache/maven/artifact/versioning/Restriction done
Event: 1.075 loading class org/apache/maven/artifact/resolver/filter/ExcludesArtifactFilter
Event: 1.075 loading class org/apache/maven/artifact/resolver/filter/ExcludesArtifactFilter done
Event: 1.076 loading class org/apache/maven/artifact/resolver/filter/IncludesArtifactFilter
Event: 1.076 loading class org/apache/maven/artifact/resolver/filter/IncludesArtifactFilter done
Event: 1.096 Executing VM operation: ForceSafepoint
Event: 1.096 Executing VM operation: ForceSafepoint done
Event: 1.097 loading class org/apache/maven/project/DefaultProjectBuildingResult
Event: 1.097 loading class org/apache/maven/project/DefaultProjectBuildingResult done


Dynamic libraries:
0x00007ff70e980000 - 0x00007ff70e9b4000 	D:\jdk-1.8\jdk1.8\bin\java.exe
0x00007ffa9f9b0000 - 0x00007ffa9fba5000 	C:\WINDOWS\SYSTEM32\ntdll.dll
0x00007ffa9e540000 - 0x00007ffa9e5fd000 	C:\WINDOWS\System32\KERNEL32.DLL
0x00007ffa9d340000 - 0x00007ffa9d609000 	C:\WINDOWS\System32\KERNELBASE.dll
0x00007ffa9ecc0000 - 0x00007ffa9ed6c000 	C:\WINDOWS\System32\ADVAPI32.dll
0x00007ffa9f770000 - 0x00007ffa9f80e000 	C:\WINDOWS\System32\msvcrt.dll
0x00007ffa9f570000 - 0x00007ffa9f60b000 	C:\WINDOWS\System32\sechost.dll
0x00007ffa9f320000 - 0x00007ffa9f44a000 	C:\WINDOWS\System32\RPCRT4.dll
0x00007ffa9e2c0000 - 0x00007ffa9e460000 	C:\WINDOWS\System32\USER32.dll
0x00007ffa9d7b0000 - 0x00007ffa9d7d2000 	C:\WINDOWS\System32\win32u.dll
0x00007ffa9da20000 - 0x00007ffa9da4a000 	C:\WINDOWS\System32\GDI32.dll
0x00007ffa9d610000 - 0x00007ffa9d71b000 	C:\WINDOWS\System32\gdi32full.dll
0x00007ffa9d150000 - 0x00007ffa9d1ed000 	C:\WINDOWS\System32\msvcp_win.dll
0x00007ffa9d1f0000 - 0x00007ffa9d2f0000 	C:\WINDOWS\System32\ucrtbase.dll
0x00007ffa89020000 - 0x00007ffa892ba000 	C:\WINDOWS\WinSxS\amd64_microsoft.windows.common-controls_6595b64144ccf1df_6.0.19041.1110_none_60b5254171f9507e\COMCTL32.dll
0x00007ffa9f810000 - 0x00007ffa9f840000 	C:\WINDOWS\System32\IMM32.DLL
0x0000000056810000 - 0x00000000568e2000 	D:\jdk-1.8\jdk1.8\jre\bin\msvcr100.dll
0x0000000055d70000 - 0x00000000565ca000 	D:\jdk-1.8\jdk1.8\jre\bin\server\jvm.dll
0x00007ffa9f760000 - 0x00007ffa9f768000 	C:\WINDOWS\System32\PSAPI.DLL
0x00007ffa98e30000 - 0x00007ffa98e39000 	C:\WINDOWS\SYSTEM32\WSOCK32.dll
0x00007ffa8a710000 - 0x00007ffa8a737000 	C:\WINDOWS\SYSTEM32\WINMM.dll
0x00007ffa9ef50000 - 0x00007ffa9efbb000 	C:\WINDOWS\System32\WS2_32.dll
0x0000000056800000 - 0x000000005680f000 	D:\jdk-1.8\jdk1.8\jre\bin\verify.dll
0x00000000567d0000 - 0x00000000567f8000 	D:\jdk-1.8\jdk1.8\jre\bin\java.dll
0x0000000056750000 - 0x0000000056773000 	D:\jdk-1.8\jdk1.8\jre\bin\instrument.dll
0x00000000567b0000 - 0x00000000567c6000 	D:\jdk-1.8\jdk1.8\jre\bin\zip.dll
0x00007ffa9da50000 - 0x00007ffa9e18f000 	C:\WINDOWS\System32\SHELL32.dll
0x00007ffa9b220000 - 0x00007ffa9b9b1000 	C:\WINDOWS\SYSTEM32\windows.storage.dll
0x00007ffa9efc0000 - 0x00007ffa9f315000 	C:\WINDOWS\System32\combase.dll
0x00007ffa9cb60000 - 0x00007ffa9cb8c000 	C:\WINDOWS\SYSTEM32\Wldp.dll
0x00007ffa9f6b0000 - 0x00007ffa9f75e000 	C:\WINDOWS\System32\SHCORE.dll
0x00007ffa9e260000 - 0x00007ffa9e2b5000 	C:\WINDOWS\System32\shlwapi.dll
0x00007ffa9d030000 - 0x00007ffa9d04f000 	C:\WINDOWS\SYSTEM32\profapi.dll
0x00007ffa97e70000 - 0x00007ffa97e8a000 	D:\IDEA\IntelliJ IDEA 2021.1.3\bin\breakgen64.dll
0x0000000056680000 - 0x000000005669a000 	D:\jdk-1.8\jdk1.8\jre\bin\net.dll
0x00007ffa9c8c0000 - 0x00007ffa9c92a000 	C:\WINDOWS\system32\mswsock.dll
0x0000000055b00000 - 0x0000000055b11000 	D:\jdk-1.8\jdk1.8\jre\bin\nio.dll
0x00007ffa8b760000 - 0x00007ffa8b944000 	C:\WINDOWS\SYSTEM32\dbghelp.dll
0x00007ffa9d720000 - 0x00007ffa9d7a3000 	C:\WINDOWS\System32\bcryptPrimitives.dll

VM Arguments:
jvm_args: -Dmaven.multiModuleProjectDirectory=D:\MyJavaProject\miaosha1 -Dmaven.home=D:\Mysoft\apache-maven-3.3.9 -Dclassworlds.conf=D:\Mysoft\apache-maven-3.3.9\bin\m2.conf -Dmaven.ext.class.path=D:\IDEA\IntelliJ IDEA 2021.1.3\plugins\maven\lib\maven-event-listener.jar -javaagent:D:\IDEA\IntelliJ IDEA 2021.1.3\lib\idea_rt.jar=1749:D:\IDEA\IntelliJ IDEA 2021.1.3\bin -Dfile.encoding=UTF-8 
java_command: org.codehaus.classworlds.Launcher -Didea.version=2021.1.3 -s D:\Mysoft\apache-maven-3.3.9\conf\settings.xml org.mybatis.generator:mybatis-generator-maven-plugin:1.3.6:generate
java_class_path (initial): D:\Mysoft\apache-maven-3.3.9\boot\plexus-classworlds-2.5.2.jar;D:\IDEA\IntelliJ IDEA 2021.1.3\lib\idea_rt.jar
Launcher Type: SUN_STANDARD

Environment Variables:
JAVA_HOME=D:\jdk-1.80
CLASSPATH=.;D:\jdk-1.80\lib\dt.jar;D:\jdk-1.80\lib\tools.jar;D:\java study\JDBC\MySql Connector Java 5.1.23\mysql-connector-java-5.1.23-bin.jar
PATH=C:\ProgramData\Oracle\Java\javapath;C:\Program Files\Common Files\Oracle\Java\javapath;C:\Windows\System32;D:\Anaconda;D:\Anaconda\Library\mingw-w64\bin;D:\Anaconda\Library\usr\bin;D:\Anaconda\Library\bin;D:\Anaconda\Scripts;C:\Python39\Scripts\;C:\Python39\;C:\Windows;C:\Windows\System32\Wbem;C:\Windows\System32\WindowsPowerShell\v1.0\;C:\Windows\System32\OpenSSH\;C:\Program Files (x86)\NVIDIA Corporation\PhysX\Common;C:\Program Files\NVIDIA Corporation\NVIDIA NvDLISR;D:\Matla\runtime\win64;D:\Matlab\bin\win32;D:\Matla\bin;C:\WINDOWS\system32;C:\WINDOWS;C:\WINDOWS\System32\Wbem;C:\WINDOWS\System32\WindowsPowerShell\v1.0\;C:\WINDOWS\System32\OpenSSH\;D:\jdk-1.80\bin;D:\jdk-1.80\jre\bin;C:\Program Files\MySQL\MySQL Server 8.0\bin;C:\Program Files\MySQL\MySQL Server 8.0\bin;D:\Mysoft\apache-maven-3.3.9\bin;C:\Users\11442\AppData\Local\Microsoft\WindowsApps;D:\bandi zip\;D:\IDEA\IntelliJ IDEA 2020.2.1\bin;;D:\pycharm\PyCharm 2020.3.2\bin;;D:\Bandizip\
USERNAME=11442
OS=Windows_NT
PROCESSOR_IDENTIFIER=Intel64 Family 6 Model 165 Stepping 3, GenuineIntel



---------------  S Y S T E M  ---------------

OS: Windows 8.1 , 64 bit Build 9600 

CPU:total 12 (6 cores per cpu, 2 threads per core) family 6 model 165 stepping 3, cmov, cx8, fxsr, mmx, sse, sse2, sse3, ssse3, sse4.1, sse4.2, popcnt, avx, avx2, aes, clmul, erms, lzcnt, ht, tsc, tscinvbit, bmi1, bmi2

Memory: 4k page, physical 24979692k(8639400k free), swap 38086888k(98364k free)

vm_info: Java HotSpot(TM) 64-Bit Server VM (25.31-b07) for windows-amd64 JRE (1.8.0_31-b13), built on Dec 17 2014 21:00:28 by "java_re" with MS VC++ 10.0 (VS2010)

time: Tue Aug 03 13:59:15 2021
elapsed time: 1 seconds (0d 0h 0m 1s)

